<?xml version="1.0" encoding="UTF-8" ?>
<testsuite errors="0" failures="0" hostname="VM-PC" name="TestHistoryFeature" skipped="0" tests="2" time="0.549" timestamp="2016-07-23T13:05:49">
  <properties>
    <property name="java.vendor" value="Oracle Corporation" />
    <property name="sun.java.launcher" value="SUN_STANDARD" />
    <property name="sun.management.compiler" value="HotSpot 64-Bit Tiered Compilers" />
    <property name="env.PROMPT" value="$P$G" />
    <property name="os.name" value="Windows 7" />
    <property name="env.FP_NO_HOST_CHECK" value="NO" />
    <property name="sun.boot.class.path" value="C:\Program Files\Java\jre1.8.0_45\lib\resources.jar;C:\Program Files\Java\jre1.8.0_45\lib\rt.jar;C:\Program Files\Java\jre1.8.0_45\lib\sunrsasign.jar;C:\Program Files\Java\jre1.8.0_45\lib\jsse.jar;C:\Program Files\Java\jre1.8.0_45\lib\jce.jar;C:\Program Files\Java\jre1.8.0_45\lib\charsets.jar;C:\Program Files\Java\jre1.8.0_45\lib\jfr.jar;C:\Program Files\Java\jre1.8.0_45\classes" />
    <property name="env.COMPUTERNAME" value="VM-PC" />
    <property name="env.CommonProgramW6432" value="C:\Program Files\Common Files" />
    <property name="env.ALLUSERSPROFILE" value="C:\ProgramData" />
    <property name="sun.desktop" value="windows" />
    <property name="java.vm.specification.vendor" value="Oracle Corporation" />
    <property name="ant.home" value="C:\Users\VM\Desktop\eclipse-java-mars-2-win32-x86_64\eclipse\plugins\org.apache.ant_1.9.6.v201510161327" />
    <property name="java.runtime.version" value="1.8.0_45-b15" />
    <property name="env.HOMEPATH" value="\Users\VM" />
    <property name="user.name" value="VM" />
    <property name="ant.file.JavaWebBrowser" value="E:\build.xml" />
    <property name="user.language" value="zh" />
    <property name="env.windows_tracing_flags" value="3" />
    <property name="ant.file.type.JavaWebBrowser" value="file" />
    <property name="sun.boot.library.path" value="C:\Program Files\Java\jre1.8.0_45\bin" />
    <property name="ant.project.default-target" value="build" />
    <property name="ant.project.name" value="JavaWebBrowser" />
    <property name="java.version" value="1.8.0_45" />
    <property name="env.PROCESSOR_IDENTIFIER" value="Intel64 Family 6 Model 69 Stepping 1, GenuineIntel" />
    <property name="user.timezone" value="Asia/Taipei" />
    <property name="env.TEMP" value="C:\Users\VM\AppData\Local\Temp" />
    <property name="sun.arch.data.model" value="64" />
    <property name="java.endorsed.dirs" value="C:\Program Files\Java\jre1.8.0_45\lib\endorsed" />
    <property name="sun.cpu.isalist" value="amd64" />
    <property name="env.HOMEDRIVE" value="C:" />
    <property name="sun.jnu.encoding" value="MS950" />
    <property name="file.encoding.pkg" value="sun.io" />
    <property name="ECLIPSE_HOME" value="../../../../Applications/eclipse/" />
    <property name="file.separator" value="\" />
    <property name="java.specification.name" value="Java Platform API Specification" />
    <property name="java.class.version" value="52.0" />
    <property name="user.country" value="TW" />
    <property name="java.home" value="C:\Program Files\Java\jre1.8.0_45" />
    <property name="env.PSModulePath" value="C:\Windows\system32\WindowsPowerShell\v1.0\Modules\" />
    <property name="env.APPDATA" value="C:\Users\VM\AppData\Roaming" />
    <property name="env.PUBLIC" value="C:\Users\Public" />
    <property name="env.windows_tracing_logfile" value="C:\BVTBin\Tests\installpackage\csilogfile.log" />
    <property name="java.vm.info" value="mixed mode" />
    <property name="env.ComSpec" value="C:\Windows\system32\cmd.exe" />
    <property name="env.OS" value="Windows_NT" />
    <property name="env.CommonProgramFiles" value="C:\Program Files\Common Files" />
    <property name="ant.file" value="E:\build.xml" />
    <property name="os.version" value="6.1" />
    <property name="env.ProgramW6432" value="C:\Program Files" />
    <property name="path.separator" value=";" />
    <property name="java.vm.version" value="25.45-b02" />
    <property name="env.USERPROFILE" value="C:\Users\VM" />
    <property name="user.variant" value="" />
    <property name="ant.library.dir" value="C:\Users\VM\Desktop\eclipse-java-mars-2-win32-x86_64\eclipse\plugins\org.apache.ant_1.9.6.v201510161327\lib" />
    <property name="junit.output.dir" value="junit" />
    <property name="env.JAVA_HOME" value="C:\Program Files\Java\jdk1.8.0_45" />
    <property name="java.awt.printerjob" value="sun.awt.windows.WPrinterJob" />
    <property name="env.TMP" value="C:\Users\VM\AppData\Local\Temp" />
    <property name="sun.io.unicode.encoding" value="UnicodeLittle" />
    <property name="awt.toolkit" value="sun.awt.windows.WToolkit" />
    <property name="user.script" value="" />
    <property name="user.home" value="C:\Users\VM" />
    <property name="target" value="1.7" />
    <property name="env.ProgramData" value="C:\ProgramData" />
    <property name="env.SESSIONNAME" value="Console" />
    <property name="env.ProgramFiles(x86)" value="C:\Program Files (x86)" />
    <property name="java.specification.vendor" value="Oracle Corporation" />
    <property name="env.NUMBER_OF_PROCESSORS" value="1" />
    <property name="java.library.path" value="C:\Program Files\Java\jre1.8.0_45\bin;C:\Windows\Sun\Java\bin;C:\Windows\system32;C:\Windows;C:/Program Files/Java/jre1.8.0_45/bin/server;C:/Program Files/Java/jre1.8.0_45/bin;C:/Program Files/Java/jre1.8.0_45/lib/amd64;C:\ProgramData\Oracle\Java\javapath;C:\Windows\system32;C:\Windows;C:\Windows\System32\Wbem;C:\Windows\System32\WindowsPowerShell\v1.0\;C:\instantclient_12_1;C:\Program Files\Java\jdk1.8.0_45\bin;;C:\Users\VM\Desktop\eclipse-java-mars-2-win32-x86_64\eclipse;;." />
    <property name="java.vendor.url" value="http://java.oracle.com/" />
    <property name="java.vm.vendor" value="Oracle Corporation" />
    <property name="java.runtime.name" value="Java(TM) SE Runtime Environment" />
    <property name="ant.version" value="Apache Ant(TM) version 1.9.6 compiled on June 29 2015" />
    <property name="sun.java.command" value="org.apache.tools.ant.taskdefs.optional.junit.JUnitTestRunner TestHistoryFeature skipNonTests=false filtertrace=true haltOnError=false haltOnFailure=false formatter=org.apache.tools.ant.taskdefs.optional.junit.OutErrSummaryJUnitResultFormatter showoutput=false outputtoformatters=true logfailedtests=true threadid=0 logtestlistenerevents=false formatter=org.apache.tools.ant.taskdefs.optional.junit.XMLJUnitResultFormatter,E:\junit\TEST-TestHistoryFeature.xml crashfile=E:\junitvmwatcher4032328500442060186.properties propsfile=E:\junit437637393765280556.properties" />
    <property name="java.class.path" value="E:\out\production\JavaWebBrowserProject;E:\DJNativeSwing.jar;E:\DJNativeSwing-SWT.jar;E:\swt-4.5-win32-win32-x86_64.jar;E:\junit-4.10.jar;C:\Users\VM\Desktop\eclipse-java-mars-2-win32-x86_64\eclipse\plugins\org.apache.ant_1.9.6.v201510161327\lib\ant-launcher.jar;C:\Users\VM\Desktop\eclipse-java-mars-2-win32-x86_64\eclipse\plugins\org.apache.ant_1.9.6.v201510161327\lib\ant.jar;C:\Users\VM\Desktop\eclipse-java-mars-2-win32-x86_64\eclipse\plugins\org.apache.ant_1.9.6.v201510161327\lib\ant-junit.jar;C:\Users\VM\Desktop\eclipse-java-mars-2-win32-x86_64\eclipse\plugins\org.apache.ant_1.9.6.v201510161327\lib\ant-junit4.jar" />
    <property name="java.vm.specification.name" value="Java Virtual Machine Specification" />
    <property name="env.windir" value="C:\Windows" />
    <property name="env.LOGONSERVER" value="\\VM-PC" />
    <property name="java.vm.specification.version" value="1.8" />
    <property name="env.PROCESSOR_ARCHITECTURE" value="AMD64" />
    <property name="sun.cpu.endian" value="little" />
    <property name="sun.os.patch.level" value="Service Pack 1" />
    <property name="debuglevel" value="source,lines,vars" />
    <property name="env.ANT_HOME" value="C:\Users\VM\Desktop\eclipse-java-mars-2-win32-x86_64\eclipse\plugins\org.apache.ant_1.9.6.v201510161327" />
    <property name="env.ProgramFiles" value="C:\Program Files" />
    <property name="java.io.tmpdir" value="C:\Users\VM\AppData\Local\Temp\" />
    <property name="env.PROCESSOR_REVISION" value="4501" />
    <property name="env.CommonProgramFiles(x86)" value="C:\Program Files (x86)\Common Files" />
    <property name="java.vendor.url.bug" value="http://bugreport.sun.com/bugreport/" />
    <property name="env.SystemRoot" value="C:\Windows" />
    <property name="os.arch" value="amd64" />
    <property name="java.awt.graphicsenv" value="sun.awt.Win32GraphicsEnvironment" />
    <property name="java.ext.dirs" value="C:\Program Files\Java\jre1.8.0_45\lib\ext;C:\Windows\Sun\Java\lib\ext" />
    <property name="user.dir" value="E:\" />
    <property name="env.LOCALAPPDATA" value="C:\Users\VM\AppData\Local" />
    <property name="line.separator" value="&#xd;&#xa;" />
    <property name="java.vm.name" value="Java HotSpot(TM) 64-Bit Server VM" />
    <property name="env.PATHEXT" value=".COM;.EXE;.BAT;.CMD;.VBS;.VBE;.JS;.JSE;.WSF;.WSH;.MSC" />
    <property name="env.Path" value="C:/Program Files/Java/jre1.8.0_45/bin/server;C:/Program Files/Java/jre1.8.0_45/bin;C:/Program Files/Java/jre1.8.0_45/lib/amd64;C:\ProgramData\Oracle\Java\javapath;C:\Windows\system32;C:\Windows;C:\Windows\System32\Wbem;C:\Windows\System32\WindowsPowerShell\v1.0\;C:\instantclient_12_1;C:\Program Files\Java\jdk1.8.0_45\bin;;C:\Users\VM\Desktop\eclipse-java-mars-2-win32-x86_64\eclipse;" />
    <property name="org.apache.tools.ant.taskdefs.optional.junit.AggregateTransformer0" value="C:\Users\VM\AppData\Local\Temp\null1972711460" />
    <property name="basedir" value="E:\" />
    <property name="ant.java.version" value="1.8" />
    <property name="ant.core.lib" value="C:\Users\VM\Desktop\eclipse-java-mars-2-win32-x86_64\eclipse\plugins\org.apache.ant_1.9.6.v201510161327\lib\ant.jar" />
    <property name="env.USERNAME" value="VM" />
    <property name="source" value="1.7" />
    <property name="env.SystemDrive" value="C:" />
    <property name="file.encoding" value="MS950" />
    <property name="env.USERDOMAIN" value="VM-PC" />
    <property name="java.specification.version" value="1.8" />
    <property name="ant.project.invoked-targets" value="build,junitreport,TestHistoryFeature" />
    <property name="env.PROCESSOR_LEVEL" value="6" />
  </properties>
  <testcase classname="TestHistoryFeature" name="testWriteReadHistory" time="0.128" />
  <testcase classname="TestHistoryFeature" name="testSetHistory" time="0.008" />
  <system-out><![CDATA[]]></system-out>
  <system-err><![CDATA[]]></system-err>
</testsuite>
